<?xml version="1.0" encoding="UTF-8"?>
<!-- Generated by org.testng.reporters.JUnitReportReporter -->
<testsuite hostname="LAPTOP-UP6DASG6" failures="0" tests="1" name="api.utilities.ExtentReportManager" time="0.380" errors="0" timestamp="2025-06-23T23:38:27 IST" skipped="0">
  <testcase classname="api.utilities.ExtentReportManager" name="onStart" time="0.380"/>
</testsuite> <!-- api.utilities.ExtentReportManager -->
