<?xml version="1.0" encoding="UTF-8"?>
<!-- Generated by org.testng.reporters.JUnitReportReporter -->
<testsuite hostname="LAPTOP-UP6DASG6" failures="0" tests="2" name="api.test.DDStudentTests" time="1.776" errors="0" timestamp="2025-06-24T14:21:19 IST" skipped="0">
  <testcase classname="api.test.DDStudentTests" name="testPostStudent" time="1.733"/>
  <testcase classname="api.test.DDStudentTests" name="testDeleteStudent" time="0.043"/>
</testsuite> <!-- api.test.DDStudentTests -->
